Using pre-set license
Built from '2022.3/staging' branch; Version is '2022.3.9f1 (ea401c316338) revision 15351836'; Using compiler version '192829333'; Build Type 'Release'
OS: 'Windows 11  (10.0.22631) 64bit CoreSingleLanguage' Language: 'en' Physical Memory: 16087 MB
BatchMode: 1, IsHumanControllingUs: 0, StartBugReporterOnCrash: 0, Is64bit: 1, IsPro: 1

COMMAND LINE ARGUMENTS:
C:\Program Files\Unity\Hub\Editor\2022.3.9f1\Editor\Unity.exe
-adb2
-batchMode
-noUpm
-name
AssetImportWorker2
-projectPath
C:/Github projects/M2-ClassActivity-Views/Views
-logFile
Logs/AssetImportWorker2.log
-srvPort
51753
Successfully changed project path to: C:/Github projects/M2-ClassActivity-Views/Views
C:/Github projects/M2-ClassActivity-Views/Views
[UnityMemory] Configuration Parameters - Can be set up in boot.config
    "memorysetup-bucket-allocator-granularity=16"
    "memorysetup-bucket-allocator-bucket-count=8"
    "memorysetup-bucket-allocator-block-size=33554432"
    "memorysetup-bucket-allocator-block-count=8"
    "memorysetup-main-allocator-block-size=16777216"
    "memorysetup-thread-allocator-block-size=16777216"
    "memorysetup-gfx-main-allocator-block-size=16777216"
    "memorysetup-gfx-thread-allocator-block-size=16777216"
    "memorysetup-cache-allocator-block-size=4194304"
    "memorysetup-typetree-allocator-block-size=2097152"
    "memorysetup-profiler-bucket-allocator-granularity=16"
    "memorysetup-profiler-bucket-allocator-bucket-count=8"
    "memorysetup-profiler-bucket-allocator-block-size=33554432"
    "memorysetup-profiler-bucket-allocator-block-count=8"
    "memorysetup-profiler-allocator-block-size=16777216"
    "memorysetup-profiler-editor-allocator-block-size=1048576"
    "memorysetup-temp-allocator-size-main=16777216"
    "memorysetup-job-temp-allocator-block-size=2097152"
    "memorysetup-job-temp-allocator-block-size-background=1048576"
    "memorysetup-job-temp-allocator-reduction-small-platforms=262144"
    "memorysetup-allocator-temp-initial-block-size-main=262144"
    "memorysetup-allocator-temp-initial-block-size-worker=262144"
    "memorysetup-temp-allocator-size-background-worker=32768"
    "memorysetup-temp-allocator-size-job-worker=262144"
    "memorysetup-temp-allocator-size-preload-manager=33554432"
    "memorysetup-temp-allocator-size-nav-mesh-worker=65536"
    "memorysetup-temp-allocator-size-audio-worker=65536"
    "memorysetup-temp-allocator-size-cloud-worker=32768"
    "memorysetup-temp-allocator-size-gi-baking-worker=262144"
    "memorysetup-temp-allocator-size-gfx=262144"
Player connection [5368] Host "[IP] 192.168.1.109 [Port] 0 [Flags] 2 [Guid] 675422306 [EditorId] 675422306 [Version] 1048832 [Id] WindowsEditor(7,DESKTOP-03CQOJJ) [Debug] 1 [PackageName] WindowsEditor [ProjectName] Editor" joined multi-casting on [225.0.0.222:54997]...

Player connection [5368] Host "[IP] 192.168.1.109 [Port] 0 [Flags] 2 [Guid] 675422306 [EditorId] 675422306 [Version] 1048832 [Id] WindowsEditor(7,DESKTOP-03CQOJJ) [Debug] 1 [PackageName] WindowsEditor [ProjectName] Editor" joined alternative multi-casting on [225.0.0.222:34997]...

[Physics::Module] Initialized MultithreadedJobDispatcher with 15 workers.
Refreshing native plugins compatible for Editor in 8.88 ms, found 3 plugins.
Preloading 0 native plugins for Editor in 0.00 ms.
Initialize engine version: 2022.3.9f1 (ea401c316338)
[Subsystems] Discovering subsystems at path C:/Program Files/Unity/Hub/Editor/2022.3.9f1/Editor/Data/Resources/UnitySubsystems
[Subsystems] Discovering subsystems at path C:/Github projects/M2-ClassActivity-Views/Views/Assets
GfxDevice: creating device client; threaded=0; jobified=0
Direct3D:
    Version:  Direct3D 11.0 [level 11.1]
    Renderer: NVIDIA GeForce RTX 4050 Laptop GPU (ID=0x28a1)
    Vendor:   NVIDIA
    VRAM:     5935 MB
    Driver:   31.0.15.3652
Initialize mono
Mono path[0] = 'C:/Program Files/Unity/Hub/Editor/2022.3.9f1/Editor/Data/Managed'
Mono path[1] = 'C:/Program Files/Unity/Hub/Editor/2022.3.9f1/Editor/Data/MonoBleedingEdge/lib/mono/unityjit-win32'
Mono config path = 'C:/Program Files/Unity/Hub/Editor/2022.3.9f1/Editor/Data/MonoBleedingEdge/etc'
Using monoOptions --debugger-agent=transport=dt_socket,embedding=1,server=y,suspend=n,address=127.0.0.1:56420
Begin MonoManager ReloadAssembly
Registering precompiled unity dll's ...
Register platform support module: C:/Program Files/Unity/Hub/Editor/2022.3.9f1/Editor/Data/PlaybackEngines/WindowsStandaloneSupport/UnityEditor.WindowsStandalone.Extensions.dll
Registered in 0.003185 seconds.
- Loaded All Assemblies, in  0.259 seconds
Native extension for WindowsStandalone target not found
Mono: successfully reloaded assembly
- Finished resetting the current domain, in  0.191 seconds
Domain Reload Profiling: 450ms
	BeginReloadAssembly (78ms)
		ExecutionOrderSort (0ms)
		DisableScriptedObjects (0ms)
		BackupInstance (0ms)
		ReleaseScriptingObjects (0ms)
		CreateAndSetChildDomain (1ms)
	RebuildCommonClasses (26ms)
	RebuildNativeTypeToScriptingClass (9ms)
	initialDomainReloadingComplete (40ms)
	LoadAllAssembliesAndSetupDomain (105ms)
		LoadAssemblies (76ms)
		RebuildTransferFunctionScriptingTraits (0ms)
		AnalyzeDomain (104ms)
			TypeCache.Refresh (103ms)
				TypeCache.ScanAssembly (93ms)
			ScanForSourceGeneratedMonoScriptInfo (0ms)
			ResolveRequiredComponents (0ms)
	FinalizeReload (192ms)
		ReleaseScriptCaches (0ms)
		RebuildScriptCaches (0ms)
		SetupLoadedEditorAssemblies (146ms)
			LogAssemblyErrors (0ms)
			InitializePlatformSupportModulesInManaged (7ms)
			SetLoadedEditorAssemblies (6ms)
			RefreshPlugins (0ms)
			BeforeProcessingInitializeOnLoad (2ms)
			ProcessInitializeOnLoadAttributes (92ms)
			ProcessInitializeOnLoadMethodAttributes (40ms)
			AfterProcessingInitializeOnLoad (0ms)
			EditorAssembliesLoaded (0ms)
		ExecutionOrderSort2 (0ms)
		AwakeInstancesAfterBackupRestoration (0ms)
========================================================================
Worker process is ready to serve import requests
Begin MonoManager ReloadAssembly
- Loaded All Assemblies, in  0.472 seconds
Refreshing native plugins compatible for Editor in 2.10 ms, found 3 plugins.
Native extension for WindowsStandalone target not found
Package Manager log level set to [2]
[Package Manager] Server::EnsureServerProcessIsRunning -- launch failed, reason: Unity was launched with the -noUpm command-line argument
[Package Manager] UpmClient::Send -- Unable to send message (not connected to UPM process).
[Package Manager] Cannot connect to Unity Package Manager local server
Mono: successfully reloaded assembly
- Finished resetting the current domain, in  0.481 seconds
Domain Reload Profiling: 952ms
	BeginReloadAssembly (107ms)
		ExecutionOrderSort (0ms)
		DisableScriptedObjects (3ms)
		BackupInstance (0ms)
		ReleaseScriptingObjects (0ms)
		CreateAndSetChildDomain (16ms)
	RebuildCommonClasses (23ms)
	RebuildNativeTypeToScriptingClass (7ms)
	initialDomainReloadingComplete (26ms)
	LoadAllAssembliesAndSetupDomain (308ms)
		LoadAssemblies (225ms)
		RebuildTransferFunctionScriptingTraits (0ms)
		AnalyzeDomain (147ms)
			TypeCache.Refresh (121ms)
				TypeCache.ScanAssembly (106ms)
			ScanForSourceGeneratedMonoScriptInfo (18ms)
			ResolveRequiredComponents (7ms)
	FinalizeReload (481ms)
		ReleaseScriptCaches (0ms)
		RebuildScriptCaches (0ms)
		SetupLoadedEditorAssemblies (369ms)
			LogAssemblyErrors (0ms)
			InitializePlatformSupportModulesInManaged (5ms)
			SetLoadedEditorAssemblies (4ms)
			RefreshPlugins (0ms)
			BeforeProcessingInitializeOnLoad (52ms)
			ProcessInitializeOnLoadAttributes (255ms)
			ProcessInitializeOnLoadMethodAttributes (49ms)
			AfterProcessingInitializeOnLoad (3ms)
			EditorAssembliesLoaded (0ms)
		ExecutionOrderSort2 (0ms)
		AwakeInstancesAfterBackupRestoration (5ms)
Launched and connected shader compiler UnityShaderCompiler.exe after 0.04 seconds
Refreshing native plugins compatible for Editor in 1.99 ms, found 3 plugins.
Preloading 0 native plugins for Editor in 0.00 ms.
Unloading 4944 Unused Serialized files (Serialized files now loaded: 0)
Unloading 66 unused Assets / (350.4 KB). Loaded Objects now: 5402.
Memory consumption went from 198.8 MB to 198.5 MB.
Total: 3.093900 ms (FindLiveObjects: 0.313100 ms CreateObjectMapping: 0.171700 ms MarkObjects: 2.440000 ms  DeleteObjects: 0.167900 ms)

AssetImportParameters requested are different than current active one (requested -> active):
  custom:container-demuxer-ogg: 62fdf1f143b41e24485cea50d1cbac27 -> 
  custom:video-codec-MediaFoundation-h265: 746d11721c4dcdbdad8f713fa42b33f4 -> 
  custom:video-decoder-ogg-theora: a1e56fd34408186e4bbccfd4996cb3dc -> 
  custom:framework-win-MediaFoundation: 216162199b28c13a410421893ffa2e32 -> 
  custom:CustomObjectIndexerAttribute: a3ef5dd2817f97addfee359851a9dba5 -> 
  custom:container-demuxer-webm: 4f35f7cbe854078d1ac9338744f61a02 -> 
  custom:container-muxer-webm: aa71ff27fc2769a1b78a27578f13a17b -> 
  custom:video-decoder-webm-vp8: 9c59270c3fd7afecdb556c50c9e8de78 -> 
  custom:SearchIndexIgnoredProperties: e643bd26f0fe6173181afceb89e7c659 -> 
  custom:AudioImporter_EditorPlatform: d09bf68614088b80899f8185d706f6e7 -> 
  custom:video-encoder-webm-vp8: eb34c28f22e8b96e1ab97ce403110664 -> 
  custom:audio-decoder-ogg-vorbis: bf7c407c2cedff20999df2af8eb42d56 -> 
  custom:audio-encoder-webm-vorbis: bf7c407c2cedff20999df2af8eb42d56 -> 
========================================================================
Received Import Request.
  Time since last request: 478572.595482 seconds.
  path: Assets/Material/sh1_options_menu.jpg
  artifactKey: Guid(cbd80a08e1d27cd43b22eb3b5d146157) Importer(815301076,1909f56bfc062723c751e8b465ee728b)
Start importing Assets/Material/sh1_options_menu.jpg using Guid(cbd80a08e1d27cd43b22eb3b5d146157) Importer(815301076,1909f56bfc062723c751e8b465ee728b)  -> (artifact id: 'd63a15185b1977716a42861528096eeb') in 0.054278 seconds
Number of updated asset objects reloaded before import = 0
Number of asset objects unloaded after import = 2
========================================================================
Received Import Request.
  Time since last request: 41.102156 seconds.
  path: Assets/Material/sh1_options_menu.jpg
  artifactKey: Guid(cbd80a08e1d27cd43b22eb3b5d146157) Importer(815301076,1909f56bfc062723c751e8b465ee728b)
Start importing Assets/Material/sh1_options_menu.jpg using Guid(cbd80a08e1d27cd43b22eb3b5d146157) Importer(815301076,1909f56bfc062723c751e8b465ee728b)  -> (artifact id: '93d20fe3e6b32b14e688d16057b01451') in 0.048906 seconds
Number of updated asset objects reloaded before import = 0
Number of asset objects unloaded after import = 2
========================================================================
Received Import Request.
  Time since last request: 69.283770 seconds.
  path: Assets/Material/Options.mat
  artifactKey: Guid(6c337626031d7b14f87be8c940582e93) Importer(815301076,1909f56bfc062723c751e8b465ee728b)
Start importing Assets/Material/Options.mat using Guid(6c337626031d7b14f87be8c940582e93) Importer(815301076,1909f56bfc062723c751e8b465ee728b)  -> (artifact id: 'f6bde647ca13e6cb4d85dd6b49b6e39b') in 0.797801 seconds
Number of updated asset objects reloaded before import = 0
Number of asset objects unloaded after import = 3
========================================================================
Received Import Request.
  Time since last request: 82.600056 seconds.
  path: Assets/Material/Options.mat
  artifactKey: Guid(6c337626031d7b14f87be8c940582e93) Importer(815301076,1909f56bfc062723c751e8b465ee728b)
Start importing Assets/Material/Options.mat using Guid(6c337626031d7b14f87be8c940582e93) Importer(815301076,1909f56bfc062723c751e8b465ee728b)  -> (artifact id: '6cc3a3306c7c328bf93eb35ff5813ce6') in 0.017035 seconds
Number of updated asset objects reloaded before import = 0
Number of asset objects unloaded after import = 2
========================================================================
Received Import Request.
  Time since last request: 27.191789 seconds.
  path: Assets/Material/subway-station
  artifactKey: Guid(8f64a39fc814a2e44a94ef1a3fe15f36) Importer(815301076,1909f56bfc062723c751e8b465ee728b)
Start importing Assets/Material/subway-station using Guid(8f64a39fc814a2e44a94ef1a3fe15f36) Importer(815301076,1909f56bfc062723c751e8b465ee728b)  -> (artifact id: '4a2093e35ec2726be4da539adddbf42b') in 0.000553 seconds
Number of updated asset objects reloaded before import = 0
Number of asset objects unloaded after import = 0
========================================================================
Received Import Request.
  Time since last request: 0.041182 seconds.
  path: Assets/Material/subway-station/SH_initial_loader.exe_Sat_Dec_03_19-07-29_2005_1.png
  artifactKey: Guid(366805ba164b9674aae43988ea628d2a) Importer(815301076,1909f56bfc062723c751e8b465ee728b)
Start importing Assets/Material/subway-station/SH_initial_loader.exe_Sat_Dec_03_19-07-29_2005_1.png using Guid(366805ba164b9674aae43988ea628d2a) Importer(815301076,1909f56bfc062723c751e8b465ee728b)  -> (artifact id: 'd647aa0ca571e9394af91a8bbeb42425') in 0.023117 seconds
Number of updated asset objects reloaded before import = 0
Number of asset objects unloaded after import = 2
========================================================================
Received Import Request.
  Time since last request: 0.000021 seconds.
  path: Assets/Material/subway-station/SH_initial_loader.exe_Sat_Dec_03_19-07-29_2005_6.png
  artifactKey: Guid(5149b32463b58df469e47c5a61875430) Importer(815301076,1909f56bfc062723c751e8b465ee728b)
Start importing Assets/Material/subway-station/SH_initial_loader.exe_Sat_Dec_03_19-07-29_2005_6.png using Guid(5149b32463b58df469e47c5a61875430) Importer(815301076,1909f56bfc062723c751e8b465ee728b)  -> (artifact id: 'a8c8c637aaf1438499bb159aa17e6b17') in 0.014072 seconds
Number of updated asset objects reloaded before import = 0
Number of asset objects unloaded after import = 2
========================================================================
Received Import Request.
  Time since last request: 0.000214 seconds.
  path: Assets/Material/subway-station/subway-station.obj
  artifactKey: Guid(121d589cf769f004790ef67a87ee7e26) Importer(815301076,1909f56bfc062723c751e8b465ee728b)
Start importing Assets/Material/subway-station/subway-station.obj using Guid(121d589cf769f004790ef67a87ee7e26) Importer(815301076,1909f56bfc062723c751e8b465ee728b)  -> (artifact id: '2b94270db7a51d1cad883fb08ecf9d57') in 0.313256 seconds
Number of updated asset objects reloaded before import = 0
Number of asset objects unloaded after import = 34
Editor requested this worker to shutdown with reason: Scaling down because of idle timeout
TcpMessagingSession - receive error: operation aborted. errorcode: 995, details: The I/O operation has been aborted because of either a thread exit or an application request.
AssetImportWorker is now disconnected from the server
Process exiting
Exiting without the bug reporter. Application will terminate with return code 0